<?xml version="1.0" encoding="UTF-8"?>
<!-- Generated by org.testng.reporters.JUnitXMLReporter -->
<testsuite hostname="JaishanDell" ignored="0" name="Test" tests="5" failures="0" timestamp="03 Feb 2021 04:49:20 GMT" time="5.771" errors="0">
  <testcase name="test_getAllVideoGames" time="1.884" classname="testCases.TC_VideoGameAPI"/>
  <testcase name="test_addNewVideoGame" time="0.339" classname="testCases.TC_VideoGameAPI"/>
  <testcase name="test_getVideoGame" time="0.434" classname="testCases.TC_VideoGameAPI"/>
  <testcase name="test_UpdateVideoGame" time="0.057" classname="testCases.TC_VideoGameAPI"/>
  <testcase name="test_DeleteVideoGame" time="3.022" classname="testCases.TC_VideoGameAPI"/>
</testsuite> <!-- Test -->
