<?xml version="1.0" encoding="UTF-8"?>
<!-- Generated by org.testng.reporters.JUnitXMLReporter -->
<testsuite hostname="JaishanDell" ignored="0" name="Test" tests="5" failures="0" timestamp="17 Jan 2021 21:55:05 GMT" time="7.092" errors="0">
  <testcase name="test_getAllVideoGames" time="2.645" classname="testCases.TC_VideoGameAPI"/>
  <testcase name="test_addNewVideoGame" time="0.707" classname="testCases.TC_VideoGameAPI"/>
  <testcase name="test_getVideoGame" time="0.593" classname="testCases.TC_VideoGameAPI"/>
  <testcase name="test_UpdateVideoGame" time="0.069" classname="testCases.TC_VideoGameAPI"/>
  <testcase name="test_DeleteVideoGame" time="3.025" classname="testCases.TC_VideoGameAPI"/>
</testsuite> <!-- Test -->
