<?xml version="1.0" encoding="UTF-8"?>
<testsuite name="TestSuite" time="5.739" tests="5" errors="0" skipped="0" failures="0">
  <properties>
[...]
</properties>
  <testcase name="test_getAllVideoGames" classname="testCases.TC_VideoGameAPI" time="1.886"/>
  <testcase name="test_addNewVideoGame" classname="testCases.TC_VideoGameAPI" time="0.349"/>
  <testcase name="test_getVideoGame" classname="testCases.TC_VideoGameAPI" time="0.425"/>
  <testcase name="test_UpdateVideoGame" classname="testCases.TC_VideoGameAPI" time="0.057"/>
  <testcase name="test_DeleteVideoGame" classname="testCases.TC_VideoGameAPI" time="3.022"/>
</testsuite>