<?xml version="1.0" encoding="UTF-8"?>
<testng-results skipped="0" failed="0" ignored="0" total="1" passed="1">
  <reporter-output>
  </reporter-output>
  <suite name="Default suite" duration-ms="6066" started-at="2021-01-17T21:50:05Z" finished-at="2021-01-17T21:50:11Z">
    <groups>
    </groups>
    <test name="Default test" duration-ms="6066" started-at="2021-01-17T21:50:05Z" finished-at="2021-01-17T21:50:11Z">
      <class name="testCases.TC_VideoGameAPI">
        <test-method status="PASS" signature="test_DeleteVideoGame()[pri:5, instance:testCases.TC_VideoGameAPI@4883b407]" name="test_DeleteVideoGame" duration-ms="6016" started-at="2021-01-17T21:50:05Z" finished-at="2021-01-17T21:50:11Z">
          <reporter-output>
          </reporter-output>
        </test-method> <!-- test_DeleteVideoGame -->
      </class> <!-- testCases.TC_VideoGameAPI -->
    </test> <!-- Default test -->
  </suite> <!-- Default suite -->
</testng-results>
