<?xml version="1.0" encoding="UTF-8"?>
<testng-results skipped="0" failed="0" ignored="0" total="5" passed="5">
  <reporter-output>
  </reporter-output>
  <suite name="Default suite" duration-ms="6462" started-at="2021-02-01T15:21:07Z" finished-at="2021-02-01T15:21:14Z">
    <groups>
    </groups>
    <test name="Default test" duration-ms="6462" started-at="2021-02-01T15:21:07Z" finished-at="2021-02-01T15:21:14Z">
      <class name="testCases.TC_VideoGameAPI">
        <test-method status="PASS" signature="test_getAllVideoGames()[pri:1, instance:testCases.TC_VideoGameAPI@4883b407]" name="test_getAllVideoGames" duration-ms="2138" started-at="2021-02-01T15:21:08Z" finished-at="2021-02-01T15:21:10Z">
          <reporter-output>
          </reporter-output>
        </test-method> <!-- test_getAllVideoGames -->
        <test-method status="PASS" signature="test_addNewVideoGame()[pri:2, instance:testCases.TC_VideoGameAPI@4883b407]" name="test_addNewVideoGame" duration-ms="530" started-at="2021-02-01T15:21:10Z" finished-at="2021-02-01T15:21:10Z">
          <reporter-output>
          </reporter-output>
        </test-method> <!-- test_addNewVideoGame -->
        <test-method status="PASS" signature="test_getVideoGame()[pri:3, instance:testCases.TC_VideoGameAPI@4883b407]" name="test_getVideoGame" duration-ms="638" started-at="2021-02-01T15:21:10Z" finished-at="2021-02-01T15:21:11Z">
          <reporter-output>
          </reporter-output>
        </test-method> <!-- test_getVideoGame -->
        <test-method status="PASS" signature="test_UpdateVideoGame()[pri:4, instance:testCases.TC_VideoGameAPI@4883b407]" name="test_UpdateVideoGame" duration-ms="61" started-at="2021-02-01T15:21:11Z" finished-at="2021-02-01T15:21:11Z">
          <reporter-output>
          </reporter-output>
        </test-method> <!-- test_UpdateVideoGame -->
        <test-method status="PASS" signature="test_DeleteVideoGame()[pri:5, instance:testCases.TC_VideoGameAPI@4883b407]" name="test_DeleteVideoGame" duration-ms="3032" started-at="2021-02-01T15:21:11Z" finished-at="2021-02-01T15:21:14Z">
          <reporter-output>
          </reporter-output>
        </test-method> <!-- test_DeleteVideoGame -->
      </class> <!-- testCases.TC_VideoGameAPI -->
    </test> <!-- Default test -->
  </suite> <!-- Default suite -->
</testng-results>
